<?xml version="1.0" encoding="UTF-8"?>
<!-- Generated by org.testng.reporters.JUnitReportReporter -->
<testsuite hostname="AIPL8866LT17963" failures="0" tests="1" name="restAssuredTestScripts.httpsRequest" time="2.039" errors="0" timestamp="2023-10-18T16:53:54 IST" skipped="0">
  <testcase classname="restAssuredTestScripts.httpsRequest" name="getMethodValidation" time="2.039"/>
  <system-out/>
</testsuite> <!-- restAssuredTestScripts.httpsRequest -->
