<?xml version="1.0" encoding="UTF-8"?>
<!-- Generated by org.testng.reporters.JUnitReportReporter -->
<testsuite hostname="AIPL8866LT17963" failures="0" tests="3" name="restAssuredTestScripts.PostRequestWithHashMapTestData" time="3.658" errors="0" timestamp="2023-10-19T10:42:46 IST" skipped="0">
  <testcase classname="restAssuredTestScripts.PostRequestWithHashMapTestData" name="postRequestValidation" time="2.529"/>
  <system-out/>
  <testcase classname="restAssuredTestScripts.PostRequestWithHashMapTestData" name="updatePreviousRequest" time="0.652"/>
  <system-out/>
  <testcase classname="restAssuredTestScripts.PostRequestWithHashMapTestData" name="deleteMethodValidation" time="0.477"/>
  <system-out/>
</testsuite> <!-- restAssuredTestScripts.PostRequestWithHashMapTestData -->
