<?xml version="1.0" encoding="UTF-8"?>
<!-- Generated by org.testng.reporters.JUnitReportReporter -->
<testsuite hostname="AIPL8866LT17963" failures="0" tests="1" name="restAssuredTestScripts.ResponseCode401" time="2.398" errors="0" timestamp="2023-10-25T12:32:09 IST" skipped="0">
  <testcase classname="restAssuredTestScripts.ResponseCode401" name="validate401ResponseCode" time="2.398"/>
  <system-out/>
</testsuite> <!-- restAssuredTestScripts.ResponseCode401 -->
