<?xml version="1.0" encoding="UTF-8"?>
<!-- Generated by org.testng.reporters.JUnitReportReporter -->
<testsuite hostname="AIPL8866LT17963" failures="0" tests="1" name="restAssuredTestScripts.responseCode404" time="2.029" errors="0" timestamp="2023-10-25T09:52:02 IST" skipped="0">
  <testcase classname="restAssuredTestScripts.responseCode404" name="verify404ResponseCode" time="2.029"/>
  <system-out/>
</testsuite> <!-- restAssuredTestScripts.responseCode404 -->
