<?xml version="1.0" encoding="UTF-8"?>
<!-- Generated by org.testng.reporters.JUnitReportReporter -->
<testsuite hostname="AIPL8866LT17963" failures="0" tests="1" name="restAssuredTestScripts.ReadResponseUsingJSONPath" time="1.848" errors="0" timestamp="2023-10-25T08:40:18 IST" skipped="0">
  <testcase classname="restAssuredTestScripts.ReadResponseUsingJSONPath" name="readResponseUsingJSONPath" time="1.848"/>
  <system-out/>
</testsuite> <!-- restAssuredTestScripts.ReadResponseUsingJSONPath -->
