<?xml version="1.0" encoding="UTF-8"?>
<!-- Generated by org.testng.reporters.JUnitReportReporter -->
<testsuite hostname="AIPL8866LT17963" failures="0" tests="2" name="restAssuredTestScripts.ResponseValidation" time="1.689" errors="0" timestamp="2023-10-19T12:35:25 IST" skipped="0">
  <testcase classname="restAssuredTestScripts.ResponseValidation" name="restAssuAssertionredValidation" time="1.543"/>
  <system-out/>
  <testcase classname="restAssuredTestScripts.ResponseValidation" name="testNGAssertionValidation" time="0.146"/>
  <system-out/>
</testsuite> <!-- restAssuredTestScripts.ResponseValidation -->
