<?xml version="1.0" encoding="UTF-8"?>
<!-- Generated by org.testng.reporters.JUnitReportReporter -->
<testsuite hostname="AIPL8866LT17963" failures="0" tests="1" name="restAssuredTestScripts.POJOTesting" time="2.151" errors="0" timestamp="2023-10-20T08:38:12 IST" skipped="0">
  <testcase classname="restAssuredTestScripts.POJOTesting" name="pojoTesting" time="2.151"/>
  <system-out/>
</testsuite> <!-- restAssuredTestScripts.POJOTesting -->
