<?xml version="1.0" encoding="UTF-8"?>
<!-- Generated by org.testng.reporters.JUnitReportReporter -->
<testsuite hostname="AIPL8866LT17963" failures="0" tests="1" name="restAssuredTestScripts.CookiesValidation" time="5.472" errors="0" timestamp="2023-10-19T11:24:32 IST" skipped="0">
  <testcase classname="restAssuredTestScripts.CookiesValidation" name="cookieValidation" time="5.472"/>
  <system-out/>
</testsuite> <!-- restAssuredTestScripts.CookiesValidation -->
