<?xml version="1.0" encoding="UTF-8"?>
<!-- Generated by org.testng.reporters.JUnitReportReporter -->
<testsuite hostname="AIPL8866LT17963" failures="0" tests="1" name="restAssuredTestScripts.HeaderValidation" time="4.002" errors="0" timestamp="2023-10-19T12:12:01 IST" skipped="0">
  <testcase classname="restAssuredTestScripts.HeaderValidation" name="cookieValidation" time="4.002"/>
  <system-out/>
</testsuite> <!-- restAssuredTestScripts.HeaderValidation -->
