<?xml version="1.0" encoding="UTF-8"?>
<!-- Generated by org.testng.reporters.JUnitReportReporter -->
<testsuite hostname="AIPL8866LT17963" failures="0" tests="1" name="restAssuredTestScripts.responseCode400" time="2.711" errors="0" timestamp="2023-10-25T12:20:19 IST" skipped="0">
  <testcase classname="restAssuredTestScripts.responseCode400" name="responseCode400Validation" time="2.711"/>
  <system-out/>
</testsuite> <!-- restAssuredTestScripts.responseCode400 -->
